Loading /home/etittley/Num/Nyx/src/Nyx/Exec/Cosmological/../../../amrex/Tools/GNUMake/comps/gnu.mak...
Loading /home/etittley/Num/Nyx/src/Nyx/Exec/Cosmological/../../../amrex/Tools/GNUMake/sites/Make.unknown...
/home/etittley/Num/Nyx/src/Nyx/Exec/Cosmological/../../../amrex/Tools/GNUMake/Make.rules:295: tmp_build_dir/d/3d.gnu.OMP.EXE/f90.depends: No such file or directory
Depending /home/etittley/Num/Nyx/src/Nyx/Exec/Cosmological/../../../amrex/Src/LinearSolvers/C_CellMG/AMReX_MG_3D.F ...
Depending /home/etittley/Num/Nyx/src/Nyx/Exec/Cosmological/../../../amrex/Src/LinearSolvers/C_CellMG/AMReX_ABec_3D.F ...
Depending /home/etittley/Num/Nyx/src/Nyx/Exec/Cosmological/../../../amrex/Src/LinearSolvers/C_CellMG/AMReX_LP_3D.F ...
Depending /home/etittley/Num/Nyx/src/Nyx/Exec/Cosmological/../../../amrex/Src/LinearSolvers/C_CellMG/AMReX_ABec_UTIL.F ...
Depending /home/etittley/Num/Nyx/src/Nyx/Exec/Cosmological/../../../amrex/Src/LinearSolvers/C_CellMG/AMReX_LO_3D.F ...
Depending /home/etittley/Num/Nyx/src/Nyx/Exec/Cosmological/../../../amrex/Src/Extern/amrdata/AMReX_FABUTIL_3D.F ...
Depending /home/etittley/Num/Nyx/src/Nyx/Exec/Cosmological/../../../amrex/Src/Particle/AMReX_Particles_3D.F ...
Depending /home/etittley/Num/Nyx/src/Nyx/Exec/Cosmological/../../../amrex/Src/Boundary/AMReX_INTERPBNDRYDATA_3D.F ...
Depending /home/etittley/Num/Nyx/src/Nyx/Exec/Cosmological/../../../amrex/Src/Boundary/AMReX_LO_UTIL.F ...
Depending /home/etittley/Num/Nyx/src/Nyx/Exec/Cosmological/../../../amrex/Src/Amr/AMReX_ARRAYLIM_3D.F ...
Building f90/F90 dependency File ...
/home/etittley/Num/Nyx/src/Nyx/Exec/Cosmological/../../../amrex/Tools/F_scripts/dep.py  --prefix tmp_build_dir/o/3d.gnu.OMP.EXE \
            --temp_dir tmp_build_dir/f/3d.gnu.OMP.EXE \
            --cpp "cpp -E -traditional-cpp -P" \
            --defines "-DBL_LANG_FORT -DNDEBUG -DBL_USE_OMP -DAMREX_GIT_VERSION=\"17.07-2-g3724a070adf9\" -DBL_GCC_VERSION='6.3.0' -DBL_GCC_MAJOR_VERSION=6 -DBL_GCC_MINOR_VERSION=3 -DBL_SPACEDIM=3 -DAMREX_SPACEDIM=3 -DBL_FORT_USE_UNDERSCORE -DBL_Linux -DUSE_PARTICLES -DPARTICLES -DCRSEGRNDOMP -DGRAVITY -DBL_NOLINEVALUES -DMG_USE_FBOXLIB -DBL_USE_F_BASELIB -I. -I. -I../../Source -I../../Source/Src_3d -I../../Source/HydroFortran -I../../Source/Tagging -I../../Source/Initialization -I../../Source/EOS -I../../Source/Network -I../../Source/HeatCool -I../../Source/SourceTerms -I../../Source/DerivedQuantities -I../../Source/Gravity -I/home/etittley/Num/Nyx/src/Nyx/Exec/Cosmological/../../../amrex/Src/Base -I/home/etittley/Num/Nyx/src/Nyx/Exec/Cosmological/../../../amrex/Src/AmrCore -I/home/etittley/Num/Nyx/src/Nyx/Exec/Cosmological/../../../amrex/Src/Amr -I/home/etittley/Num/Nyx/src/Nyx/Exec/Cosmological/../../../amrex/Src/Boundary -I/home/etittley/Num/Nyx/src/Nyx/Exec/Cosmological/../../../amrex/Src/Particle -I/home/etittley/Num/Nyx/src/Nyx/Exec/Cosmological/../../../amrex/Src/Extern/amrdata -I/home/etittley/Num/Nyx/src/Nyx/Exec/Cosmological/../../../amrex/Src/Base -I/home/etittley/Num/Nyx/src/Nyx/Exec/Cosmological/../../../amrex/Src/AmrCore -I/home/etittley/Num/Nyx/src/Nyx/Exec/Cosmological/../../../amrex/Src/Amr -I/home/etittley/Num/Nyx/src/Nyx/Exec/Cosmological/../../../amrex/Src/Boundary -I/home/etittley/Num/Nyx/src/Nyx/Exec/Cosmological/../../../amrex/Src/Particle -I/home/etittley/Num/Nyx/src/Nyx/Exec/Cosmological/../../../amrex/Src/Extern/amrdata -I../../Source/Constants -I/home/etittley/Num/Nyx/src/Nyx/Exec/Cosmological/../../../amrex/Src/LinearSolvers/C_to_F_MG -I/home/etittley/Num/Nyx/src/Nyx/Exec/Cosmological/../../../amrex/Src/LinearSolvers/C_to_F_MG -I/home/etittley/Num/Nyx/src/Nyx/Exec/Cosmological/../../../amrex/Src/LinearSolvers/C_CellMG -I/home/etittley/Num/Nyx/src/Nyx/Exec/Cosmological/../../../amrex/Src/LinearSolvers/C_CellMG -I/home/etittley/Num/Nyx/src/Nyx/Exec/Cosmological/../../../amrex/Src/LinearSolvers/F_MG -I/home/etittley/Num/Nyx/src/Nyx/Exec/Cosmological/../../../amrex/Src/LinearSolvers/F_MG -I/home/etittley/Num/Nyx/src/Nyx/Exec/Cosmological/../../../amrex/Src/F_BaseLib -I/home/etittley/Num/Nyx/src/Nyx/Exec/Cosmological/../../../amrex/Src/F_BaseLib -I../../Util/VODE -I../../Util/BLAS -I/home/etittley/Num/Nyx/src/Nyx/Exec/Cosmological/../../../amrex/Tools/C_scripts" \
            --f90_preprocess "cat  " Prob_3d.f90 probdata.f90 ../../Source/agn_overlap_3d.f90 ../../Source/Nyx_nd.f90 ../../Source/eos_params.f90 ../../Source/meth_params.f90 ../../Source/prob_params.f90 ../../Source/comoving_params.f90 ../../Source/comoving_nd.f90 ../../Source/Src_3d/compute_temp_3d.f90 ../../Source/Src_3d/enforce_consistent_e_3d.f90 ../../Source/Src_3d/enforce_nonnegative_species_3d.f90 ../../Source/Src_3d/EstDt_3d.f90 ../../Source/Src_3d/Nyx_sums_3d.f90 ../../Source/Src_3d/reset_internal_energy_3d.f90 ../../Source/Src_3d/bc_fill_3d.f90 ../../Source/HydroFortran/add_grav_source_3d.f90 ../../Source/HydroFortran/analriem.f90 ../../Source/HydroFortran/enforce_minimum_density_3d.f90 ../../Source/HydroFortran/flatten_3d.f90 ../../Source/HydroFortran/normalize_species_3d.f90 ../../Source/HydroFortran/Nyx_advection_3d.f90 ../../Source/HydroFortran/ppm_3d.f90 ../../Source/HydroFortran/slope_3d.f90 ../../Source/HydroFortran/trace_3d.f90 ../../Source/HydroFortran/trace_colglaz_3d.f90 ../../Source/HydroFortran/trace_ppm_3d.f90 ../../Source/HydroFortran/trace_src_3d.f90 ../../Source/HydroFortran/trans_3d.f90 Tagging_3d.f90 ../../Source/Initialization/check_initial_species_3d.f90 ../../Source/Initialization/init_e_from_t_3d.f90 ../../Source/Initialization/init_e_from_rhoe_3d.f90 ../../Source/Initialization/interpolate.f90 ../../Source/EOS/eos_stuff.f90 ../../Source/EOS/atomic_rates.f90 ../../Source/Network/network.f90 ../../Source/Network/nyx_burner.f90 ../../Source/HeatCool/heat_cool_stubs.f90 ../../Source/SourceTerms/Nyx_sources_3d.f90 ../../Source/SourceTerms/Nyx_grav_sources_3d.f90 ../../Source/SourceTerms/ext_src_3d.f90 ../../Source/SourceTerms/ext_src_add_3d.f90 ../../Source/DerivedQuantities/Derive_3d.f90 ../../Source/Gravity/Gravity_nd.f90 ../../Source/Gravity/Gravity_3d.f90 ../../Source/Gravity/set_dirichlet_bcs_3d.f90 ../../Source/Gravity/prescribe_grav_stub.f90 /home/etittley/Num/Nyx/src/Nyx/Exec/Cosmological/../../../amrex/Src/Base/AMReX_BaseFab_nd.f90 /home/etittley/Num/Nyx/src/Nyx/Exec/Cosmological/../../../amrex/Src/Base/AMReX_MultiFabUtil_3d.f90 /home/etittley/Num/Nyx/src/Nyx/Exec/Cosmological/../../../amrex/Src/Base/AMReX_mempool_f.f90 /home/etittley/Num/Nyx/src/Nyx/Exec/Cosmological/../../../amrex/Src/Amr/AMReX_extrapolater_3d.f90 ../../Source/Constants/constants_cosmo.f90 /home/etittley/Num/Nyx/src/Nyx/Exec/Cosmological/../../../amrex/Src/LinearSolvers/F_MG/compute_defect.f90 /home/etittley/Num/Nyx/src/Nyx/Exec/Cosmological/../../../amrex/Src/LinearSolvers/F_MG/coarsen_coeffs.f90 /home/etittley/Num/Nyx/src/Nyx/Exec/Cosmological/../../../amrex/Src/LinearSolvers/F_MG/mg_prolongation.f90 /home/etittley/Num/Nyx/src/Nyx/Exec/Cosmological/../../../amrex/Src/LinearSolvers/F_MG/ml_prolongation.f90 /home/etittley/Num/Nyx/src/Nyx/Exec/Cosmological/../../../amrex/Src/LinearSolvers/F_MG/cc_mg_cpp.f90 /home/etittley/Num/Nyx/src/Nyx/Exec/Cosmological/../../../amrex/Src/LinearSolvers/F_MG/cc_applyop.f90 /home/etittley/Num/Nyx/src/Nyx/Exec/Cosmological/../../../amrex/Src/LinearSolvers/F_MG/cc_ml_resid.f90 /home/etittley/Num/Nyx/src/Nyx/Exec/Cosmological/../../../amrex/Src/LinearSolvers/F_MG/cc_smoothers.f90 /home/etittley/Num/Nyx/src/Nyx/Exec/Cosmological/../../../amrex/Src/LinearSolvers/F_MG/cc_stencil.f90 /home/etittley/Num/Nyx/src/Nyx/Exec/Cosmological/../../../amrex/Src/LinearSolvers/F_MG/cc_stencil_apply.f90 /home/etittley/Num/Nyx/src/Nyx/Exec/Cosmological/../../../amrex/Src/LinearSolvers/F_MG/cc_stencil_fill.f90 /home/etittley/Num/Nyx/src/Nyx/Exec/Cosmological/../../../amrex/Src/LinearSolvers/F_MG/cc_interface_stencil.f90 /home/etittley/Num/Nyx/src/Nyx/Exec/Cosmological/../../../amrex/Src/LinearSolvers/F_MG/cc_mg_tower_smoother.f90 /home/etittley/Num/Nyx/src/Nyx/Exec/Cosmological/../../../amrex/Src/LinearSolvers/F_MG/itsol.f90 /home/etittley/Num/Nyx/src/Nyx/Exec/Cosmological/../../../amrex/Src/LinearSolvers/F_MG/mg.f90 /home/etittley/Num/Nyx/src/Nyx/Exec/Cosmological/../../../amrex/Src/LinearSolvers/F_MG/mg_tower.f90 /home/etittley/Num/Nyx/src/Nyx/Exec/Cosmological/../../../amrex/Src/LinearSolvers/F_MG/ml_cc.f90 /home/etittley/Num/Nyx/src/Nyx/Exec/Cosmological/../../../amrex/Src/LinearSolvers/F_MG/ml_nd.f90 /home/etittley/Num/Nyx/src/Nyx/Exec/Cosmological/../../../amrex/Src/LinearSolvers/F_MG/ml_norm.f90 /home/etittley/Num/Nyx/src/Nyx/Exec/Cosmological/../../../amrex/Src/LinearSolvers/F_MG/tridiag.f90 /home/etittley/Num/Nyx/src/Nyx/Exec/Cosmological/../../../amrex/Src/LinearSolvers/F_MG/nodal_mg_cpp.f90 /home/etittley/Num/Nyx/src/Nyx/Exec/Cosmological/../../../amrex/Src/LinearSolvers/F_MG/nodal_mask.f90 /home/etittley/Num/Nyx/src/Nyx/Exec/Cosmological/../../../amrex/Src/LinearSolvers/F_MG/nodal_divu.f90 /home/etittley/Num/Nyx/src/Nyx/Exec/Cosmological/../../../amrex/Src/LinearSolvers/F_MG/nodal_interface_stencil.f90 /home/etittley/Num/Nyx/src/Nyx/Exec/Cosmological/../../../amrex/Src/LinearSolvers/F_MG/nodal_newu.f90 /home/etittley/Num/Nyx/src/Nyx/Exec/Cosmological/../../../amrex/Src/LinearSolvers/F_MG/nodal_stencil.f90 /home/etittley/Num/Nyx/src/Nyx/Exec/Cosmological/../../../amrex/Src/LinearSolvers/F_MG/nodal_stencil_fill.f90 /home/etittley/Num/Nyx/src/Nyx/Exec/Cosmological/../../../amrex/Src/LinearSolvers/F_MG/nodal_smoothers.f90 /home/etittley/Num/Nyx/src/Nyx/Exec/Cosmological/../../../amrex/Src/LinearSolvers/F_MG/nodal_stencil_apply.f90 /home/etittley/Num/Nyx/src/Nyx/Exec/Cosmological/../../../amrex/Src/LinearSolvers/F_MG/nodal_sum.f90 /home/etittley/Num/Nyx/src/Nyx/Exec/Cosmological/../../../amrex/Src/LinearSolvers/F_MG/nodal_mg_tower_smoother.f90 /home/etittley/Num/Nyx/src/Nyx/Exec/Cosmological/../../../amrex/Src/LinearSolvers/F_MG/stencil_types.f90 /home/etittley/Num/Nyx/src/Nyx/Exec/Cosmological/../../../amrex/Src/LinearSolvers/F_MG/nodal_sync_resid.f90 /home/etittley/Num/Nyx/src/Nyx/Exec/Cosmological/../../../amrex/Src/LinearSolvers/F_MG/stencil_util.f90 /home/etittley/Num/Nyx/src/Nyx/Exec/Cosmological/../../../amrex/Src/F_BaseLib/bc.f90 /home/etittley/Num/Nyx/src/Nyx/Exec/Cosmological/../../../amrex/Src/F_BaseLib/bc_functions.f90 /home/etittley/Num/Nyx/src/Nyx/Exec/Cosmological/../../../amrex/Src/F_BaseLib/bl_constants.f90 /home/etittley/Num/Nyx/src/Nyx/Exec/Cosmological/../../../amrex/Src/F_BaseLib/bl_error.f90 /home/etittley/Num/Nyx/src/Nyx/Exec/Cosmological/../../../amrex/Src/F_BaseLib/bl_IO.f90 /home/etittley/Num/Nyx/src/Nyx/Exec/Cosmological/../../../amrex/Src/F_BaseLib/bl_stream.f90 /home/etittley/Num/Nyx/src/Nyx/Exec/Cosmological/../../../amrex/Src/F_BaseLib/bl_string.f90 /home/etittley/Num/Nyx/src/Nyx/Exec/Cosmological/../../../amrex/Src/F_BaseLib/bl_timer.f90 /home/etittley/Num/Nyx/src/Nyx/Exec/Cosmological/../../../amrex/Src/F_BaseLib/amrex_timer_c.f90 /home/etittley/Num/Nyx/src/Nyx/Exec/Cosmological/../../../amrex/Src/F_BaseLib/bl_types.f90 /home/etittley/Num/Nyx/src/Nyx/Exec/Cosmological/../../../amrex/Src/F_BaseLib/bl_mem_stat.f90 /home/etittley/Num/Nyx/src/Nyx/Exec/Cosmological/../../../amrex/Src/F_BaseLib/bl_space.f90 /home/etittley/Num/Nyx/src/Nyx/Exec/Cosmological/../../../amrex/Src/F_BaseLib/bl_prof_stubs.f90 /home/etittley/Num/Nyx/src/Nyx/Exec/Cosmological/../../../amrex/Src/F_BaseLib/bndry_reg.f90 /home/etittley/Num/Nyx/src/Nyx/Exec/Cosmological/../../../amrex/Src/F_BaseLib/box_f.f90 /home/etittley/Num/Nyx/src/Nyx/Exec/Cosmological/../../../amrex/Src/F_BaseLib/boxarray_f.f90 /home/etittley/Num/Nyx/src/Nyx/Exec/Cosmological/../../../amrex/Src/F_BaseLib/define_bc_tower.f90 /home/etittley/Num/Nyx/src/Nyx/Exec/Cosmological/../../../amrex/Src/F_BaseLib/fab.f90 /home/etittley/Num/Nyx/src/Nyx/Exec/Cosmological/../../../amrex/Src/F_BaseLib/fabio.f90 /home/etittley/Num/Nyx/src/Nyx/Exec/Cosmological/../../../amrex/Src/F_BaseLib/amrex_fabio_c.f90 /home/etittley/Num/Nyx/src/Nyx/Exec/Cosmological/../../../amrex/Src/F_BaseLib/knapsack.f90 /home/etittley/Num/Nyx/src/Nyx/Exec/Cosmological/../../../amrex/Src/F_BaseLib/layout.f90 /home/etittley/Num/Nyx/src/Nyx/Exec/Cosmological/../../../amrex/Src/F_BaseLib/list_box.f90 /home/etittley/Num/Nyx/src/Nyx/Exec/Cosmological/../../../amrex/Src/F_BaseLib/ml_boxarray.f90 /home/etittley/Num/Nyx/src/Nyx/Exec/Cosmological/../../../amrex/Src/F_BaseLib/ml_layout.f90 /home/etittley/Num/Nyx/src/Nyx/Exec/Cosmological/../../../amrex/Src/F_BaseLib/ml_multifab.f90 /home/etittley/Num/Nyx/src/Nyx/Exec/Cosmological/../../../amrex/Src/F_BaseLib/cc_restriction.f90 /home/etittley/Num/Nyx/src/Nyx/Exec/Cosmological/../../../amrex/Src/F_BaseLib/nodal_restriction.f90 /home/etittley/Num/Nyx/src/Nyx/Exec/Cosmological/../../../amrex/Src/F_BaseLib/ml_cc_restriction.f90 /home/etittley/Num/Nyx/src/Nyx/Exec/Cosmological/../../../amrex/Src/F_BaseLib/ml_nd_restriction.f90 /home/etittley/Num/Nyx/src/Nyx/Exec/Cosmological/../../../amrex/Src/F_BaseLib/nodal_neumann_bcs.f90 /home/etittley/Num/Nyx/src/Nyx/Exec/Cosmological/../../../amrex/Src/F_BaseLib/nodal_stencil_bc.f90 /home/etittley/Num/Nyx/src/Nyx/Exec/Cosmological/../../../amrex/Src/F_BaseLib/multifab_f.f90 /home/etittley/Num/Nyx/src/Nyx/Exec/Cosmological/../../../amrex/Src/F_BaseLib/sort_box.f90 /home/etittley/Num/Nyx/src/Nyx/Exec/Cosmological/../../../amrex/Src/F_BaseLib/sort_d.f90 /home/etittley/Num/Nyx/src/Nyx/Exec/Cosmological/../../../amrex/Src/F_BaseLib/sort_i.f90 /home/etittley/Num/Nyx/src/Nyx/Exec/Cosmological/../../../amrex/Src/F_BaseLib/vector_i.f90 /home/etittley/Num/Nyx/src/Nyx/Exec/Cosmological/../../../amrex/Src/F_BaseLib/omp.f90 /home/etittley/Num/Nyx/src/Nyx/Exec/Cosmological/../../../amrex/Src/F_BaseLib/parallel_stubs.f90 /home/etittley/Num/Nyx/src/Nyx/Exec/Cosmological/../../../amrex/Src/F_BaseLib/multifab_c.f90 /home/etittley/Num/Nyx/src/Nyx/Exec/Cosmological/../../../amrex/Src/F_BaseLib/backtrace_f.f90 /home/etittley/Num/Nyx/src/Nyx/Exec/Cosmological/../../../amrex/Src/Base/AMReX_filcc_mod.F90 /home/etittley/Num/Nyx/src/Nyx/Exec/Cosmological/../../../amrex/Src/Base/AMReX_omp_mod.F90 /home/etittley/Num/Nyx/src/Nyx/Exec/Cosmological/../../../amrex/Src/Base/AMReX_fort_mod.F90 /home/etittley/Num/Nyx/src/Nyx/Exec/Cosmological/../../../amrex/Src/Base/AMReX_error_mod.F90 /home/etittley/Num/Nyx/src/Nyx/Exec/Cosmological/../../../amrex/Src/Base/AMReX_parmparse_mod.F90 /home/etittley/Num/Nyx/src/Nyx/Exec/Cosmological/../../../amrex/Src/Base/AMReX_string_mod.F90 /home/etittley/Num/Nyx/src/Nyx/Exec/Cosmological/../../../amrex/Src/Base/AMReX_bc_types_mod.F90 /home/etittley/Num/Nyx/src/Nyx/Exec/Cosmological/../../../amrex/Src/AmrCore/AMReX_FillPatchUtil_3d.F90 /home/etittley/Num/Nyx/src/Nyx/Exec/Cosmological/../../../amrex/Src/Particle/AMReX_Particle_mod_3d.F90 /home/etittley/Num/Nyx/src/Nyx/Exec/Cosmological/../../../amrex/Src/Particle/AMReX_OMPDepositionHelper_3d.F90 > tmp_build_dir/d/3d.gnu.OMP.EXE/f90.depends 
Depending /home/etittley/Num/Nyx/src/Nyx/Exec/Cosmological/../../../amrex/Src/AmrCore/AMReX_INTERP_3D.F ...
Depending /home/etittley/Num/Nyx/src/Nyx/Exec/Cosmological/../../../amrex/Src/AmrCore/AMReX_FLUXREG_3D.F ...
Depending /home/etittley/Num/Nyx/src/Nyx/Exec/Cosmological/../../../amrex/Src/Base/AMReX_FILCC_3D.F ...
Depending /home/etittley/Num/Nyx/src/Nyx/Exec/Cosmological/../../../amrex/Src/Base/AMReX_COORDSYS_3D.F ...
Depending ../../Util/BLAS/idamax.f ...
Depending ../../Util/BLAS/dscal.f ...
Depending ../../Util/BLAS/dcopy.f ...
Depending ../../Util/BLAS/daxpy.f ...
Depending ../../Util/BLAS/ddot.f ...
Depending ../../Util/VODE/dgesl.f ...
Depending ../../Util/VODE/dgefa.f ...
Depending ../../Util/VODE/dgbsl.f ...
Depending ../../Util/VODE/dgbfa.f ...
Depending ../../Util/VODE/iumach.f ...
Depending ../../Util/VODE/dacopy.f ...
Depending ../../Util/VODE/dumach.f ...
Depending ../../Util/VODE/ixsav.f ...
Depending ../../Util/VODE/dewset.f ...
Depending ../../Util/VODE/dvsol.f ...
Depending ../../Util/VODE/dvstep.f ...
Depending ../../Util/VODE/xerrwd.f ...
Depending ../../Util/VODE/dvset.f ...
Depending ../../Util/VODE/dvnorm.f ...
Depending ../../Util/VODE/dvnlsd.f ...
Depending ../../Util/VODE/dvjac.f ...
Depending ../../Util/VODE/dvjust.f ...
Depending ../../Util/VODE/dvindy.f ...
Depending ../../Util/VODE/dvode.f ...
Depending ../../Util/VODE/dvhin.f ...
Depending /home/etittley/Num/Nyx/src/Nyx/Exec/Cosmological/../../../amrex/Src/Base/AMReX_BLProfiler_F.f ...
Depending /home/etittley/Num/Nyx/src/Nyx/Exec/Cosmological/../../../amrex/Src/Base/AMReX_BLBoxLib_F.f ...
Depending /home/etittley/Num/Nyx/src/Nyx/Exec/Cosmological/../../../amrex/Src/Base/AMReX_BLParmParse_F.f ...
Depending /home/etittley/Num/Nyx/src/Nyx/Exec/Cosmological/../../../amrex/Src/Base/AMReX_BLutil_F.f ...
Depending /home/etittley/Num/Nyx/src/Nyx/Exec/Cosmological/../../../amrex/Src/F_BaseLib/timer_c.c ...
/home/etittley/Num/Nyx/src/Nyx/Exec/Cosmological/../../../amrex/Tools/C_scripts/makebuildinfo_C.py \
          --amrex_home "/home/etittley/Num/Nyx/src/Nyx/Exec/Cosmological/../../../amrex" \
          --COMP "gcc" --COMP_VERSION "6.3.0" \
          --GIT "../.. /home/etittley/Num/Nyx/src/Nyx/Exec/Cosmological/../../../amrex"
Depending /home/etittley/Num/Nyx/src/Nyx/Exec/Cosmological/../../../amrex/Src/F_BaseLib/fabio_c.c ...
Depending /home/etittley/Num/Nyx/src/Nyx/Exec/Cosmological/../../../amrex/Src/F_BaseLib/backtrace_c.cpp ...
Depending /home/etittley/Num/Nyx/src/Nyx/Exec/Cosmological/../../../amrex/Src/F_BaseLib/MultiFab_C_F.cpp ...
Depending /home/etittley/Num/Nyx/src/Nyx/Exec/Cosmological/../../../amrex/Src/LinearSolvers/C_CellMG/AMReX_MultiGrid.cpp ...
Depending /home/etittley/Num/Nyx/src/Nyx/Exec/Cosmological/../../../amrex/Src/LinearSolvers/C_CellMG/AMReX_Laplacian.cpp ...
Depending /home/etittley/Num/Nyx/src/Nyx/Exec/Cosmological/../../../amrex/Src/LinearSolvers/C_CellMG/AMReX_LinOp.cpp ...
Depending /home/etittley/Num/Nyx/src/Nyx/Exec/Cosmological/../../../amrex/Src/LinearSolvers/C_CellMG/AMReX_CGSolver.cpp ...
Depending /home/etittley/Num/Nyx/src/Nyx/Exec/Cosmological/../../../amrex/Src/LinearSolvers/C_to_F_MG/AMReX_FMultiGrid.cpp ...
Depending /home/etittley/Num/Nyx/src/Nyx/Exec/Cosmological/../../../amrex/Src/LinearSolvers/C_CellMG/AMReX_ABecLaplacian.cpp ...
Depending /home/etittley/Num/Nyx/src/Nyx/Exec/Cosmological/../../../amrex/Src/LinearSolvers/C_to_F_MG/AMReX_MGT_Solver.cpp ...
Depending /home/etittley/Num/Nyx/src/Nyx/Exec/Cosmological/../../../amrex/Src/Extern/amrdata/AMReX_AmrData.cpp ...
Depending /home/etittley/Num/Nyx/src/Nyx/Exec/Cosmological/../../../amrex/Src/Extern/amrdata/AMReX_DataServices.cpp ...
Depending /home/etittley/Num/Nyx/src/Nyx/Exec/Cosmological/../../../amrex/Src/Particle/AMReX_TracerParticles.cpp ...
Depending /home/etittley/Num/Nyx/src/Nyx/Exec/Cosmological/../../../amrex/Src/Boundary/AMReX_MacBndry.cpp ...
Depending /home/etittley/Num/Nyx/src/Nyx/Exec/Cosmological/../../../amrex/Src/Boundary/AMReX_InterpBndryData.cpp ...
Depending /home/etittley/Num/Nyx/src/Nyx/Exec/Cosmological/../../../amrex/Src/Boundary/AMReX_MultiMask.cpp ...
Depending /home/etittley/Num/Nyx/src/Nyx/Exec/Cosmological/../../../amrex/Src/Boundary/AMReX_Mask.cpp ...
Depending /home/etittley/Num/Nyx/src/Nyx/Exec/Cosmological/../../../amrex/Src/Boundary/AMReX_BndryData.cpp ...
Depending /home/etittley/Num/Nyx/src/Nyx/Exec/Cosmological/../../../amrex/Src/Boundary/AMReX_BndryRegister.cpp ...
Depending /home/etittley/Num/Nyx/src/Nyx/Exec/Cosmological/../../../amrex/Src/Boundary/AMReX_FabSet.cpp ...
Depending /home/etittley/Num/Nyx/src/Nyx/Exec/Cosmological/../../../amrex/Src/Amr/AMReX_Extrapolater.cpp ...
Depending /home/etittley/Num/Nyx/src/Nyx/Exec/Cosmological/../../../amrex/Src/Amr/AMReX_AuxBoundaryData.cpp ...
Depending /home/etittley/Num/Nyx/src/Nyx/Exec/Cosmological/../../../amrex/Src/Amr/AMReX_StateDescriptor.cpp ...
Depending /home/etittley/Num/Nyx/src/Nyx/Exec/Cosmological/../../../amrex/Src/Amr/AMReX_StateData.cpp ...
Depending /home/etittley/Num/Nyx/src/Nyx/Exec/Cosmological/../../../amrex/Src/Amr/AMReX_Derive.cpp ...
Depending /home/etittley/Num/Nyx/src/Nyx/Exec/Cosmological/../../../amrex/Src/Amr/AMReX_AmrLevel.cpp ...
Depending /home/etittley/Num/Nyx/src/Nyx/Exec/Cosmological/../../../amrex/Src/Amr/AMReX_Amr.cpp ...
Depending /home/etittley/Num/Nyx/src/Nyx/Exec/Cosmological/../../../amrex/Src/AmrCore/AMReX_AmrMesh.cpp ...
Depending /home/etittley/Num/Nyx/src/Nyx/Exec/Cosmological/../../../amrex/Src/AmrCore/AMReX_TagBox.cpp ...
Depending /home/etittley/Num/Nyx/src/Nyx/Exec/Cosmological/../../../amrex/Src/AmrCore/AMReX_Interpolater.cpp ...
Depending /home/etittley/Num/Nyx/src/Nyx/Exec/Cosmological/../../../amrex/Src/AmrCore/AMReX_FluxRegister.cpp ...
Depending /home/etittley/Num/Nyx/src/Nyx/Exec/Cosmological/../../../amrex/Src/AmrCore/AMReX_FillPatchUtil.cpp ...
Depending /home/etittley/Num/Nyx/src/Nyx/Exec/Cosmological/../../../amrex/Src/AmrCore/AMReX_ErrorList.cpp ...
Depending /home/etittley/Num/Nyx/src/Nyx/Exec/Cosmological/../../../amrex/Src/AmrCore/AMReX_Cluster.cpp ...
Depending /home/etittley/Num/Nyx/src/Nyx/Exec/Cosmological/../../../amrex/Src/AmrCore/AMReX_AmrCore.cpp ...
Depending /home/etittley/Num/Nyx/src/Nyx/Exec/Cosmological/../../../amrex/Src/Base/AMReX_BLBackTrace.cpp ...
Depending /home/etittley/Num/Nyx/src/Nyx/Exec/Cosmological/../../../amrex/Src/Base/AMReX_MemPool.cpp ...
Depending /home/etittley/Num/Nyx/src/Nyx/Exec/Cosmological/../../../amrex/Src/Base/AMReX_BLProfiler.cpp ...
Depending /home/etittley/Num/Nyx/src/Nyx/Exec/Cosmological/../../../amrex/Src/Base/AMReX_PlotFileUtil.cpp ...
Depending /home/etittley/Num/Nyx/src/Nyx/Exec/Cosmological/../../../amrex/Src/Base/AMReX_BCUtil.cpp ...
Depending /home/etittley/Num/Nyx/src/Nyx/Exec/Cosmological/../../../amrex/Src/Base/AMReX_PhysBCFunct.cpp ...
Depending /home/etittley/Num/Nyx/src/Nyx/Exec/Cosmological/../../../amrex/Src/Base/AMReX_BCRec.cpp ...
Depending /home/etittley/Num/Nyx/src/Nyx/Exec/Cosmological/../../../amrex/Src/Base/AMReX_MultiFabUtil.cpp ...
Depending /home/etittley/Num/Nyx/src/Nyx/Exec/Cosmological/../../../amrex/Src/Base/AMReX_Geometry.cpp ...
Depending /home/etittley/Num/Nyx/src/Nyx/Exec/Cosmological/../../../amrex/Src/Base/AMReX_CoordSys.cpp ...
Depending /home/etittley/Num/Nyx/src/Nyx/Exec/Cosmological/../../../amrex/Src/Base/AMReX_FabArrayBase.cpp ...
Depending /home/etittley/Num/Nyx/src/Nyx/Exec/Cosmological/../../../amrex/Src/Base/AMReX_MFIter.cpp ...
Depending /home/etittley/Num/Nyx/src/Nyx/Exec/Cosmological/../../../amrex/Src/Base/AMReX_iMultiFab.cpp ...
Depending /home/etittley/Num/Nyx/src/Nyx/Exec/Cosmological/../../../amrex/Src/Base/AMReX_MFCopyDescriptor.cpp ...
Depending /home/etittley/Num/Nyx/src/Nyx/Exec/Cosmological/../../../amrex/Src/Base/AMReX_MultiFab.cpp ...
Depending /home/etittley/Num/Nyx/src/Nyx/Exec/Cosmological/../../../amrex/Src/Base/AMReX_BaseFab.cpp ...
Depending /home/etittley/Num/Nyx/src/Nyx/Exec/Cosmological/../../../amrex/Src/Base/AMReX_IArrayBox.cpp ...
Depending /home/etittley/Num/Nyx/src/Nyx/Exec/Cosmological/../../../amrex/Src/Base/AMReX_FArrayBox.cpp ...
Depending /home/etittley/Num/Nyx/src/Nyx/Exec/Cosmological/../../../amrex/Src/Base/AMReX_BoxArray.cpp ...
Depending /home/etittley/Num/Nyx/src/Nyx/Exec/Cosmological/../../../amrex/Src/Base/AMReX_BoxDomain.cpp ...
Depending /home/etittley/Num/Nyx/src/Nyx/Exec/Cosmological/../../../amrex/Src/Base/AMReX_BoxList.cpp ...
Depending /home/etittley/Num/Nyx/src/Nyx/Exec/Cosmological/../../../amrex/Src/Base/AMReX_RealBox.cpp ...
Depending /home/etittley/Num/Nyx/src/Nyx/Exec/Cosmological/../../../amrex/Src/Base/AMReX_RealVect.cpp ...
Depending /home/etittley/Num/Nyx/src/Nyx/Exec/Cosmological/../../../amrex/Src/Base/AMReX_Orientation.cpp ...
Depending /home/etittley/Num/Nyx/src/Nyx/Exec/Cosmological/../../../amrex/Src/Base/AMReX_IndexType.cpp ...
Depending /home/etittley/Num/Nyx/src/Nyx/Exec/Cosmological/../../../amrex/Src/Base/AMReX_Periodicity.cpp ...
Depending /home/etittley/Num/Nyx/src/Nyx/Exec/Cosmological/../../../amrex/Src/Base/AMReX_IntVect.cpp ...
Depending /home/etittley/Num/Nyx/src/Nyx/Exec/Cosmological/../../../amrex/Src/Base/AMReX_BoxIterator.cpp ...
Depending /home/etittley/Num/Nyx/src/Nyx/Exec/Cosmological/../../../amrex/Src/Base/AMReX_Box.cpp ...
Depending /home/etittley/Num/Nyx/src/Nyx/Exec/Cosmological/../../../amrex/Src/Base/AMReX_FPC.cpp ...
Depending /home/etittley/Num/Nyx/src/Nyx/Exec/Cosmological/../../../amrex/Src/Base/AMReX_FabConv.cpp ...
Depending /home/etittley/Num/Nyx/src/Nyx/Exec/Cosmological/../../../amrex/Src/Base/AMReX_parstream.cpp ...
Depending /home/etittley/Num/Nyx/src/Nyx/Exec/Cosmological/../../../amrex/Src/Base/AMReX_SPMD.cpp ...
Depending /home/etittley/Num/Nyx/src/Nyx/Exec/Cosmological/../../../amrex/Src/Base/AMReX_NFiles.cpp ...
Depending /home/etittley/Num/Nyx/src/Nyx/Exec/Cosmological/../../../amrex/Src/Base/AMReX_CArena.cpp ...
Depending /home/etittley/Num/Nyx/src/Nyx/Exec/Cosmological/../../../amrex/Src/Base/AMReX_BArena.cpp ...
Depending /home/etittley/Num/Nyx/src/Nyx/Exec/Cosmological/../../../amrex/Src/Base/AMReX_VisMF.cpp ...
Depending /home/etittley/Num/Nyx/src/Nyx/Exec/Cosmological/../../../amrex/Src/Base/AMReX_Arena.cpp ...
Depending /home/etittley/Num/Nyx/src/Nyx/Exec/Cosmological/../../../amrex/Src/Base/AMReX_ParallelDescriptor.cpp ...
Depending /home/etittley/Num/Nyx/src/Nyx/Exec/Cosmological/../../../amrex/Src/Base/AMReX_DistributionMapping.cpp ...
Depending /home/etittley/Num/Nyx/src/Nyx/Exec/Cosmological/../../../amrex/Src/Base/AMReX_Utility.cpp ...
Depending /home/etittley/Num/Nyx/src/Nyx/Exec/Cosmological/../../../amrex/Src/Base/AMReX_parmparse_fi.cpp ...
Depending /home/etittley/Num/Nyx/src/Nyx/Exec/Cosmological/../../../amrex/Src/Base/AMReX_error_fi.cpp ...
Depending /home/etittley/Num/Nyx/src/Nyx/Exec/Cosmological/../../../amrex/Src/Base/AMReX_ParmParse.cpp ...
Depending /home/etittley/Num/Nyx/src/Nyx/Exec/Cosmological/../../../amrex/Src/Base/AMReX.cpp ...
Depending ../../Source/Gravity/Gravity.cpp ...
Depending ../../Source/DerivedQuantities/ParticleDerive.cpp ...
Depending ../../Source/Initialization/read_plotfile.cpp ...
Depending ../../Source/SourceTerms/Nyx_sources.cpp ...
Depending ../../Source/Initialization/Nyx_initcosmo.cpp ...
Depending ../../Source/Initialization/Nyx_initdata.cpp ...
Depending ../../Source/Initialization/Nyx_setup.cpp ...
Depending Nyx_error.cpp ...
Depending ../../Source/strang_splitting.cpp ...
Depending ../../Source/AGNParticleContainer.cpp ...
Depending ../../Source/sum_utils.cpp ...
Depending ../../Source/sum_integrated_quantities.cpp ...
Depending ../../Source/Nyx_hydro.cpp ...
Depending ../../Source/write_info.cpp ...
Depending ../../Source/two_particle_advance.cpp ...
Depending ../../Source/comoving.cpp ...
Depending ../../Source/DarkMatterParticleContainer.cpp ...
Depending ../../Source/NeutrinoParticleContainer.cpp ...
Depending ../../Source/NyxParticles.cpp ...
Depending ../../Source/main.cpp ...
Depending ../../Source/NyxBld.cpp ...
Depending ../../Source/Nyx_output.cpp ...
Depending ../../Source/Nyx_halos.cpp ...
Depending ../../Source/Nyx_advance.cpp ...
Depending ../../Source/Nyx.cpp ...
Depending ../../Source/advance_particles.cpp ...
Depending AMReX_buildInfo.cpp ...
Loading /home/etittley/Num/Nyx/src/Nyx/Exec/Cosmological/../../../amrex/Tools/GNUMake/comps/gnu.mak...
Loading /home/etittley/Num/Nyx/src/Nyx/Exec/Cosmological/../../../amrex/Tools/GNUMake/sites/Make.unknown...
Compiling advance_particles.cpp ...
Compiling Nyx.cpp ...
g++  -g -O3  -fopenmp -DNDEBUG -DBL_USE_OMP -DAMREX_GIT_VERSION=\"17.07-2-g3724a070adf9\" -DBL_GCC_VERSION='6.3.0' -DBL_GCC_MAJOR_VERSION=6 -DBL_GCC_MINOR_VERSION=3 -DBL_SPACEDIM=3 -DAMREX_SPACEDIM=3 -DBL_FORT_USE_UNDERSCORE -DBL_Linux -DUSE_PARTICLES -DPARTICLES -DCRSEGRNDOMP -DGRAVITY -DBL_NOLINEVALUES -DMG_USE_FBOXLIB -DBL_USE_F_BASELIB -I. -I. -I../../Source -I../../Source/Src_3d -I../../Source/HydroFortran -I../../Source/Tagging -I../../Source/Initialization -I../../Source/EOS -I../../Source/Network -I../../Source/HeatCool -I../../Source/SourceTerms -I../../Source/DerivedQuantities -I../../Source/Gravity -I/home/etittley/Num/Nyx/src/Nyx/Exec/Cosmological/../../../amrex/Src/Base -I/home/etittley/Num/Nyx/src/Nyx/Exec/Cosmological/../../../amrex/Src/AmrCore -I/home/etittley/Num/Nyx/src/Nyx/Exec/Cosmological/../../../amrex/Src/Amr -I/home/etittley/Num/Nyx/src/Nyx/Exec/Cosmological/../../../amrex/Src/Boundary -I/home/etittley/Num/Nyx/src/Nyx/Exec/Cosmological/../../../amrex/Src/Particle -I/home/etittley/Num/Nyx/src/Nyx/Exec/Cosmological/../../../amrex/Src/Extern/amrdata -I/home/etittley/Num/Nyx/src/Nyx/Exec/Cosmological/../../../amrex/Src/Base -I/home/etittley/Num/Nyx/src/Nyx/Exec/Cosmological/../../../amrex/Src/AmrCore -I/home/etittley/Num/Nyx/src/Nyx/Exec/Cosmological/../../../amrex/Src/Amr -I/home/etittley/Num/Nyx/src/Nyx/Exec/Cosmological/../../../amrex/Src/Boundary -I/home/etittley/Num/Nyx/src/Nyx/Exec/Cosmological/../../../amrex/Src/Particle -I/home/etittley/Num/Nyx/src/Nyx/Exec/Cosmological/../../../amrex/Src/Extern/amrdata -I../../Source/Constants -I/home/etittley/Num/Nyx/src/Nyx/Exec/Cosmological/../../../amrex/Src/LinearSolvers/C_to_F_MG -I/home/etittley/Num/Nyx/src/Nyx/Exec/Cosmological/../../../amrex/Src/LinearSolvers/C_to_F_MG -I/home/etittley/Num/Nyx/src/Nyx/Exec/Cosmological/../../../amrex/Src/LinearSolvers/C_CellMG -I/home/etittley/Num/Nyx/src/Nyx/Exec/Cosmological/../../../amrex/Src/LinearSolvers/C_CellMG -I/home/etittley/Num/Nyx/src/Nyx/Exec/Cosmological/../../../amrex/Src/LinearSolvers/F_MG -I/home/etittley/Num/Nyx/src/Nyx/Exec/Cosmological/../../../amrex/Src/LinearSolvers/F_MG -I/home/etittley/Num/Nyx/src/Nyx/Exec/Cosmological/../../../amrex/Src/F_BaseLib -I/home/etittley/Num/Nyx/src/Nyx/Exec/Cosmological/../../../amrex/Src/F_BaseLib -I../../Util/VODE -I../../Util/BLAS -I/home/etittley/Num/Nyx/src/Nyx/Exec/Cosmological/../../../amrex/Tools/C_scripts -c ../../Source/advance_particles.cpp -o tmp_build_dir/o/3d.gnu.OMP.EXE/advance_particles.o
Compiling Nyx_advance.cpp ...
g++  -g -O3  -fopenmp -DNDEBUG -DBL_USE_OMP -DAMREX_GIT_VERSION=\"17.07-2-g3724a070adf9\" -DBL_GCC_VERSION='6.3.0' -DBL_GCC_MAJOR_VERSION=6 -DBL_GCC_MINOR_VERSION=3 -DBL_SPACEDIM=3 -DAMREX_SPACEDIM=3 -DBL_FORT_USE_UNDERSCORE -DBL_Linux -DUSE_PARTICLES -DPARTICLES -DCRSEGRNDOMP -DGRAVITY -DBL_NOLINEVALUES -DMG_USE_FBOXLIB -DBL_USE_F_BASELIB -I. -I. -I../../Source -I../../Source/Src_3d -I../../Source/HydroFortran -I../../Source/Tagging -I../../Source/Initialization -I../../Source/EOS -I../../Source/Network -I../../Source/HeatCool -I../../Source/SourceTerms -I../../Source/DerivedQuantities -I../../Source/Gravity -I/home/etittley/Num/Nyx/src/Nyx/Exec/Cosmological/../../../amrex/Src/Base -I/home/etittley/Num/Nyx/src/Nyx/Exec/Cosmological/../../../amrex/Src/AmrCore -I/home/etittley/Num/Nyx/src/Nyx/Exec/Cosmological/../../../amrex/Src/Amr -I/home/etittley/Num/Nyx/src/Nyx/Exec/Cosmological/../../../amrex/Src/Boundary -I/home/etittley/Num/Nyx/src/Nyx/Exec/Cosmological/../../../amrex/Src/Particle -I/home/etittley/Num/Nyx/src/Nyx/Exec/Cosmological/../../../amrex/Src/Extern/amrdata -I/home/etittley/Num/Nyx/src/Nyx/Exec/Cosmological/../../../amrex/Src/Base -I/home/etittley/Num/Nyx/src/Nyx/Exec/Cosmological/../../../amrex/Src/AmrCore -I/home/etittley/Num/Nyx/src/Nyx/Exec/Cosmological/../../../amrex/Src/Amr -I/home/etittley/Num/Nyx/src/Nyx/Exec/Cosmological/../../../amrex/Src/Boundary -I/home/etittley/Num/Nyx/src/Nyx/Exec/Cosmological/../../../amrex/Src/Particle -I/home/etittley/Num/Nyx/src/Nyx/Exec/Cosmological/../../../amrex/Src/Extern/amrdata -I../../Source/Constants -I/home/etittley/Num/Nyx/src/Nyx/Exec/Cosmological/../../../amrex/Src/LinearSolvers/C_to_F_MG -I/home/etittley/Num/Nyx/src/Nyx/Exec/Cosmological/../../../amrex/Src/LinearSolvers/C_to_F_MG -I/home/etittley/Num/Nyx/src/Nyx/Exec/Cosmological/../../../amrex/Src/LinearSolvers/C_CellMG -I/home/etittley/Num/Nyx/src/Nyx/Exec/Cosmological/../../../amrex/Src/LinearSolvers/C_CellMG -I/home/etittley/Num/Nyx/src/Nyx/Exec/Cosmological/../../../amrex/Src/LinearSolvers/F_MG -I/home/etittley/Num/Nyx/src/Nyx/Exec/Cosmological/../../../amrex/Src/LinearSolvers/F_MG -I/home/etittley/Num/Nyx/src/Nyx/Exec/Cosmological/../../../amrex/Src/F_BaseLib -I/home/etittley/Num/Nyx/src/Nyx/Exec/Cosmological/../../../amrex/Src/F_BaseLib -I../../Util/VODE -I../../Util/BLAS -I/home/etittley/Num/Nyx/src/Nyx/Exec/Cosmological/../../../amrex/Tools/C_scripts -c ../../Source/Nyx.cpp -o tmp_build_dir/o/3d.gnu.OMP.EXE/Nyx.o
Compiling Nyx_halos.cpp ...
g++  -g -O3  -fopenmp -DNDEBUG -DBL_USE_OMP -DAMREX_GIT_VERSION=\"17.07-2-g3724a070adf9\" -DBL_GCC_VERSION='6.3.0' -DBL_GCC_MAJOR_VERSION=6 -DBL_GCC_MINOR_VERSION=3 -DBL_SPACEDIM=3 -DAMREX_SPACEDIM=3 -DBL_FORT_USE_UNDERSCORE -DBL_Linux -DUSE_PARTICLES -DPARTICLES -DCRSEGRNDOMP -DGRAVITY -DBL_NOLINEVALUES -DMG_USE_FBOXLIB -DBL_USE_F_BASELIB -I. -I. -I../../Source -I../../Source/Src_3d -I../../Source/HydroFortran -I../../Source/Tagging -I../../Source/Initialization -I../../Source/EOS -I../../Source/Network -I../../Source/HeatCool -I../../Source/SourceTerms -I../../Source/DerivedQuantities -I../../Source/Gravity -I/home/etittley/Num/Nyx/src/Nyx/Exec/Cosmological/../../../amrex/Src/Base -I/home/etittley/Num/Nyx/src/Nyx/Exec/Cosmological/../../../amrex/Src/AmrCore -I/home/etittley/Num/Nyx/src/Nyx/Exec/Cosmological/../../../amrex/Src/Amr -I/home/etittley/Num/Nyx/src/Nyx/Exec/Cosmological/../../../amrex/Src/Boundary -I/home/etittley/Num/Nyx/src/Nyx/Exec/Cosmological/../../../amrex/Src/Particle -I/home/etittley/Num/Nyx/src/Nyx/Exec/Cosmological/../../../amrex/Src/Extern/amrdata -I/home/etittley/Num/Nyx/src/Nyx/Exec/Cosmological/../../../amrex/Src/Base -I/home/etittley/Num/Nyx/src/Nyx/Exec/Cosmological/../../../amrex/Src/AmrCore -I/home/etittley/Num/Nyx/src/Nyx/Exec/Cosmological/../../../amrex/Src/Amr -I/home/etittley/Num/Nyx/src/Nyx/Exec/Cosmological/../../../amrex/Src/Boundary -I/home/etittley/Num/Nyx/src/Nyx/Exec/Cosmological/../../../amrex/Src/Particle -I/home/etittley/Num/Nyx/src/Nyx/Exec/Cosmological/../../../amrex/Src/Extern/amrdata -I../../Source/Constants -I/home/etittley/Num/Nyx/src/Nyx/Exec/Cosmological/../../../amrex/Src/LinearSolvers/C_to_F_MG -I/home/etittley/Num/Nyx/src/Nyx/Exec/Cosmological/../../../amrex/Src/LinearSolvers/C_to_F_MG -I/home/etittley/Num/Nyx/src/Nyx/Exec/Cosmological/../../../amrex/Src/LinearSolvers/C_CellMG -I/home/etittley/Num/Nyx/src/Nyx/Exec/Cosmological/../../../amrex/Src/LinearSolvers/C_CellMG -I/home/etittley/Num/Nyx/src/Nyx/Exec/Cosmological/../../../amrex/Src/LinearSolvers/F_MG -I/home/etittley/Num/Nyx/src/Nyx/Exec/Cosmological/../../../amrex/Src/LinearSolvers/F_MG -I/home/etittley/Num/Nyx/src/Nyx/Exec/Cosmological/../../../amrex/Src/F_BaseLib -I/home/etittley/Num/Nyx/src/Nyx/Exec/Cosmological/../../../amrex/Src/F_BaseLib -I../../Util/VODE -I../../Util/BLAS -I/home/etittley/Num/Nyx/src/Nyx/Exec/Cosmological/../../../amrex/Tools/C_scripts -c ../../Source/Nyx_advance.cpp -o tmp_build_dir/o/3d.gnu.OMP.EXE/Nyx_advance.o
Compiling Nyx_output.cpp ...
g++  -g -O3  -fopenmp -DNDEBUG -DBL_USE_OMP -DAMREX_GIT_VERSION=\"17.07-2-g3724a070adf9\" -DBL_GCC_VERSION='6.3.0' -DBL_GCC_MAJOR_VERSION=6 -DBL_GCC_MINOR_VERSION=3 -DBL_SPACEDIM=3 -DAMREX_SPACEDIM=3 -DBL_FORT_USE_UNDERSCORE -DBL_Linux -DUSE_PARTICLES -DPARTICLES -DCRSEGRNDOMP -DGRAVITY -DBL_NOLINEVALUES -DMG_USE_FBOXLIB -DBL_USE_F_BASELIB -I. -I. -I../../Source -I../../Source/Src_3d -I../../Source/HydroFortran -I../../Source/Tagging -I../../Source/Initialization -I../../Source/EOS -I../../Source/Network -I../../Source/HeatCool -I../../Source/SourceTerms -I../../Source/DerivedQuantities -I../../Source/Gravity -I/home/etittley/Num/Nyx/src/Nyx/Exec/Cosmological/../../../amrex/Src/Base -I/home/etittley/Num/Nyx/src/Nyx/Exec/Cosmological/../../../amrex/Src/AmrCore -I/home/etittley/Num/Nyx/src/Nyx/Exec/Cosmological/../../../amrex/Src/Amr -I/home/etittley/Num/Nyx/src/Nyx/Exec/Cosmological/../../../amrex/Src/Boundary -I/home/etittley/Num/Nyx/src/Nyx/Exec/Cosmological/../../../amrex/Src/Particle -I/home/etittley/Num/Nyx/src/Nyx/Exec/Cosmological/../../../amrex/Src/Extern/amrdata -I/home/etittley/Num/Nyx/src/Nyx/Exec/Cosmological/../../../amrex/Src/Base -I/home/etittley/Num/Nyx/src/Nyx/Exec/Cosmological/../../../amrex/Src/AmrCore -I/home/etittley/Num/Nyx/src/Nyx/Exec/Cosmological/../../../amrex/Src/Amr -I/home/etittley/Num/Nyx/src/Nyx/Exec/Cosmological/../../../amrex/Src/Boundary -I/home/etittley/Num/Nyx/src/Nyx/Exec/Cosmological/../../../amrex/Src/Particle -I/home/etittley/Num/Nyx/src/Nyx/Exec/Cosmological/../../../amrex/Src/Extern/amrdata -I../../Source/Constants -I/home/etittley/Num/Nyx/src/Nyx/Exec/Cosmological/../../../amrex/Src/LinearSolvers/C_to_F_MG -I/home/etittley/Num/Nyx/src/Nyx/Exec/Cosmological/../../../amrex/Src/LinearSolvers/C_to_F_MG -I/home/etittley/Num/Nyx/src/Nyx/Exec/Cosmological/../../../amrex/Src/LinearSolvers/C_CellMG -I/home/etittley/Num/Nyx/src/Nyx/Exec/Cosmological/../../../amrex/Src/LinearSolvers/C_CellMG -I/home/etittley/Num/Nyx/src/Nyx/Exec/Cosmological/../../../amrex/Src/LinearSolvers/F_MG -I/home/etittley/Num/Nyx/src/Nyx/Exec/Cosmological/../../../amrex/Src/LinearSolvers/F_MG -I/home/etittley/Num/Nyx/src/Nyx/Exec/Cosmological/../../../amrex/Src/F_BaseLib -I/home/etittley/Num/Nyx/src/Nyx/Exec/Cosmological/../../../amrex/Src/F_BaseLib -I../../Util/VODE -I../../Util/BLAS -I/home/etittley/Num/Nyx/src/Nyx/Exec/Cosmological/../../../amrex/Tools/C_scripts -c ../../Source/Nyx_halos.cpp -o tmp_build_dir/o/3d.gnu.OMP.EXE/Nyx_halos.o
Compiling NyxBld.cpp ...
g++  -g -O3  -fopenmp -DNDEBUG -DBL_USE_OMP -DAMREX_GIT_VERSION=\"17.07-2-g3724a070adf9\" -DBL_GCC_VERSION='6.3.0' -DBL_GCC_MAJOR_VERSION=6 -DBL_GCC_MINOR_VERSION=3 -DBL_SPACEDIM=3 -DAMREX_SPACEDIM=3 -DBL_FORT_USE_UNDERSCORE -DBL_Linux -DUSE_PARTICLES -DPARTICLES -DCRSEGRNDOMP -DGRAVITY -DBL_NOLINEVALUES -DMG_USE_FBOXLIB -DBL_USE_F_BASELIB -I. -I. -I../../Source -I../../Source/Src_3d -I../../Source/HydroFortran -I../../Source/Tagging -I../../Source/Initialization -I../../Source/EOS -I../../Source/Network -I../../Source/HeatCool -I../../Source/SourceTerms -I../../Source/DerivedQuantities -I../../Source/Gravity -I/home/etittley/Num/Nyx/src/Nyx/Exec/Cosmological/../../../amrex/Src/Base -I/home/etittley/Num/Nyx/src/Nyx/Exec/Cosmological/../../../amrex/Src/AmrCore -I/home/etittley/Num/Nyx/src/Nyx/Exec/Cosmological/../../../amrex/Src/Amr -I/home/etittley/Num/Nyx/src/Nyx/Exec/Cosmological/../../../amrex/Src/Boundary -I/home/etittley/Num/Nyx/src/Nyx/Exec/Cosmological/../../../amrex/Src/Particle -I/home/etittley/Num/Nyx/src/Nyx/Exec/Cosmological/../../../amrex/Src/Extern/amrdata -I/home/etittley/Num/Nyx/src/Nyx/Exec/Cosmological/../../../amrex/Src/Base -I/home/etittley/Num/Nyx/src/Nyx/Exec/Cosmological/../../../amrex/Src/AmrCore -I/home/etittley/Num/Nyx/src/Nyx/Exec/Cosmological/../../../amrex/Src/Amr -I/home/etittley/Num/Nyx/src/Nyx/Exec/Cosmological/../../../amrex/Src/Boundary -I/home/etittley/Num/Nyx/src/Nyx/Exec/Cosmological/../../../amrex/Src/Particle -I/home/etittley/Num/Nyx/src/Nyx/Exec/Cosmological/../../../amrex/Src/Extern/amrdata -I../../Source/Constants -I/home/etittley/Num/Nyx/src/Nyx/Exec/Cosmological/../../../amrex/Src/LinearSolvers/C_to_F_MG -I/home/etittley/Num/Nyx/src/Nyx/Exec/Cosmological/../../../amrex/Src/LinearSolvers/C_to_F_MG -I/home/etittley/Num/Nyx/src/Nyx/Exec/Cosmological/../../../amrex/Src/LinearSolvers/C_CellMG -I/home/etittley/Num/Nyx/src/Nyx/Exec/Cosmological/../../../amrex/Src/LinearSolvers/C_CellMG -I/home/etittley/Num/Nyx/src/Nyx/Exec/Cosmological/../../../amrex/Src/LinearSolvers/F_MG -I/home/etittley/Num/Nyx/src/Nyx/Exec/Cosmological/../../../amrex/Src/LinearSolvers/F_MG -I/home/etittley/Num/Nyx/src/Nyx/Exec/Cosmological/../../../amrex/Src/F_BaseLib -I/home/etittley/Num/Nyx/src/Nyx/Exec/Cosmological/../../../amrex/Src/F_BaseLib -I../../Util/VODE -I../../Util/BLAS -I/home/etittley/Num/Nyx/src/Nyx/Exec/Cosmological/../../../amrex/Tools/C_scripts -c ../../Source/Nyx_output.cpp -o tmp_build_dir/o/3d.gnu.OMP.EXE/Nyx_output.o
g++  -g -O3  -fopenmp -DNDEBUG -DBL_USE_OMP -DAMREX_GIT_VERSION=\"17.07-2-g3724a070adf9\" -DBL_GCC_VERSION='6.3.0' -DBL_GCC_MAJOR_VERSION=6 -DBL_GCC_MINOR_VERSION=3 -DBL_SPACEDIM=3 -DAMREX_SPACEDIM=3 -DBL_FORT_USE_UNDERSCORE -DBL_Linux -DUSE_PARTICLES -DPARTICLES -DCRSEGRNDOMP -DGRAVITY -DBL_NOLINEVALUES -DMG_USE_FBOXLIB -DBL_USE_F_BASELIB -I. -I. -I../../Source -I../../Source/Src_3d -I../../Source/HydroFortran -I../../Source/Tagging -I../../Source/Initialization -I../../Source/EOS -I../../Source/Network -I../../Source/HeatCool -I../../Source/SourceTerms -I../../Source/DerivedQuantities -I../../Source/Gravity -I/home/etittley/Num/Nyx/src/Nyx/Exec/Cosmological/../../../amrex/Src/Base -I/home/etittley/Num/Nyx/src/Nyx/Exec/Cosmological/../../../amrex/Src/AmrCore -I/home/etittley/Num/Nyx/src/Nyx/Exec/Cosmological/../../../amrex/Src/Amr -I/home/etittley/Num/Nyx/src/Nyx/Exec/Cosmological/../../../amrex/Src/Boundary -I/home/etittley/Num/Nyx/src/Nyx/Exec/Cosmological/../../../amrex/Src/Particle -I/home/etittley/Num/Nyx/src/Nyx/Exec/Cosmological/../../../amrex/Src/Extern/amrdata -I/home/etittley/Num/Nyx/src/Nyx/Exec/Cosmological/../../../amrex/Src/Base -I/home/etittley/Num/Nyx/src/Nyx/Exec/Cosmological/../../../amrex/Src/AmrCore -I/home/etittley/Num/Nyx/src/Nyx/Exec/Cosmological/../../../amrex/Src/Amr -I/home/etittley/Num/Nyx/src/Nyx/Exec/Cosmological/../../../amrex/Src/Boundary -I/home/etittley/Num/Nyx/src/Nyx/Exec/Cosmological/../../../amrex/Src/Particle -I/home/etittley/Num/Nyx/src/Nyx/Exec/Cosmological/../../../amrex/Src/Extern/amrdata -I../../Source/Constants -I/home/etittley/Num/Nyx/src/Nyx/Exec/Cosmological/../../../amrex/Src/LinearSolvers/C_to_F_MG -I/home/etittley/Num/Nyx/src/Nyx/Exec/Cosmological/../../../amrex/Src/LinearSolvers/C_to_F_MG -I/home/etittley/Num/Nyx/src/Nyx/Exec/Cosmological/../../../amrex/Src/LinearSolvers/C_CellMG -I/home/etittley/Num/Nyx/src/Nyx/Exec/Cosmological/../../../amrex/Src/LinearSolvers/C_CellMG -I/home/etittley/Num/Nyx/src/Nyx/Exec/Cosmological/../../../amrex/Src/LinearSolvers/F_MG -I/home/etittley/Num/Nyx/src/Nyx/Exec/Cosmological/../../../amrex/Src/LinearSolvers/F_MG -I/home/etittley/Num/Nyx/src/Nyx/Exec/Cosmological/../../../amrex/Src/F_BaseLib -I/home/etittley/Num/Nyx/src/Nyx/Exec/Cosmological/../../../amrex/Src/F_BaseLib -I../../Util/VODE -I../../Util/BLAS -I/home/etittley/Num/Nyx/src/Nyx/Exec/Cosmological/../../../amrex/Tools/C_scripts -c ../../Source/NyxBld.cpp -o tmp_build_dir/o/3d.gnu.OMP.EXE/NyxBld.o
Compiling main.cpp ...
g++  -g -O3  -fopenmp -DNDEBUG -DBL_USE_OMP -DAMREX_GIT_VERSION=\"17.07-2-g3724a070adf9\" -DBL_GCC_VERSION='6.3.0' -DBL_GCC_MAJOR_VERSION=6 -DBL_GCC_MINOR_VERSION=3 -DBL_SPACEDIM=3 -DAMREX_SPACEDIM=3 -DBL_FORT_USE_UNDERSCORE -DBL_Linux -DUSE_PARTICLES -DPARTICLES -DCRSEGRNDOMP -DGRAVITY -DBL_NOLINEVALUES -DMG_USE_FBOXLIB -DBL_USE_F_BASELIB -I. -I. -I../../Source -I../../Source/Src_3d -I../../Source/HydroFortran -I../../Source/Tagging -I../../Source/Initialization -I../../Source/EOS -I../../Source/Network -I../../Source/HeatCool -I../../Source/SourceTerms -I../../Source/DerivedQuantities -I../../Source/Gravity -I/home/etittley/Num/Nyx/src/Nyx/Exec/Cosmological/../../../amrex/Src/Base -I/home/etittley/Num/Nyx/src/Nyx/Exec/Cosmological/../../../amrex/Src/AmrCore -I/home/etittley/Num/Nyx/src/Nyx/Exec/Cosmological/../../../amrex/Src/Amr -I/home/etittley/Num/Nyx/src/Nyx/Exec/Cosmological/../../../amrex/Src/Boundary -I/home/etittley/Num/Nyx/src/Nyx/Exec/Cosmological/../../../amrex/Src/Particle -I/home/etittley/Num/Nyx/src/Nyx/Exec/Cosmological/../../../amrex/Src/Extern/amrdata -I/home/etittley/Num/Nyx/src/Nyx/Exec/Cosmological/../../../amrex/Src/Base -I/home/etittley/Num/Nyx/src/Nyx/Exec/Cosmological/../../../amrex/Src/AmrCore -I/home/etittley/Num/Nyx/src/Nyx/Exec/Cosmological/../../../amrex/Src/Amr -I/home/etittley/Num/Nyx/src/Nyx/Exec/Cosmological/../../../amrex/Src/Boundary -I/home/etittley/Num/Nyx/src/Nyx/Exec/Cosmological/../../../amrex/Src/Particle -I/home/etittley/Num/Nyx/src/Nyx/Exec/Cosmological/../../../amrex/Src/Extern/amrdata -I../../Source/Constants -I/home/etittley/Num/Nyx/src/Nyx/Exec/Cosmological/../../../amrex/Src/LinearSolvers/C_to_F_MG -I/home/etittley/Num/Nyx/src/Nyx/Exec/Cosmological/../../../amrex/Src/LinearSolvers/C_to_F_MG -I/home/etittley/Num/Nyx/src/Nyx/Exec/Cosmological/../../../amrex/Src/LinearSolvers/C_CellMG -I/home/etittley/Num/Nyx/src/Nyx/Exec/Cosmological/../../../amrex/Src/LinearSolvers/C_CellMG -I/home/etittley/Num/Nyx/src/Nyx/Exec/Cosmological/../../../amrex/Src/LinearSolvers/F_MG -I/home/etittley/Num/Nyx/src/Nyx/Exec/Cosmological/../../../amrex/Src/LinearSolvers/F_MG -I/home/etittley/Num/Nyx/src/Nyx/Exec/Cosmological/../../../amrex/Src/F_BaseLib -I/home/etittley/Num/Nyx/src/Nyx/Exec/Cosmological/../../../amrex/Src/F_BaseLib -I../../Util/VODE -I../../Util/BLAS -I/home/etittley/Num/Nyx/src/Nyx/Exec/Cosmological/../../../amrex/Tools/C_scripts -c ../../Source/main.cpp -o tmp_build_dir/o/3d.gnu.OMP.EXE/main.o
Compiling NyxParticles.cpp ...
g++  -g -O3  -fopenmp -DNDEBUG -DBL_USE_OMP -DAMREX_GIT_VERSION=\"17.07-2-g3724a070adf9\" -DBL_GCC_VERSION='6.3.0' -DBL_GCC_MAJOR_VERSION=6 -DBL_GCC_MINOR_VERSION=3 -DBL_SPACEDIM=3 -DAMREX_SPACEDIM=3 -DBL_FORT_USE_UNDERSCORE -DBL_Linux -DUSE_PARTICLES -DPARTICLES -DCRSEGRNDOMP -DGRAVITY -DBL_NOLINEVALUES -DMG_USE_FBOXLIB -DBL_USE_F_BASELIB -I. -I. -I../../Source -I../../Source/Src_3d -I../../Source/HydroFortran -I../../Source/Tagging -I../../Source/Initialization -I../../Source/EOS -I../../Source/Network -I../../Source/HeatCool -I../../Source/SourceTerms -I../../Source/DerivedQuantities -I../../Source/Gravity -I/home/etittley/Num/Nyx/src/Nyx/Exec/Cosmological/../../../amrex/Src/Base -I/home/etittley/Num/Nyx/src/Nyx/Exec/Cosmological/../../../amrex/Src/AmrCore -I/home/etittley/Num/Nyx/src/Nyx/Exec/Cosmological/../../../amrex/Src/Amr -I/home/etittley/Num/Nyx/src/Nyx/Exec/Cosmological/../../../amrex/Src/Boundary -I/home/etittley/Num/Nyx/src/Nyx/Exec/Cosmological/../../../amrex/Src/Particle -I/home/etittley/Num/Nyx/src/Nyx/Exec/Cosmological/../../../amrex/Src/Extern/amrdata -I/home/etittley/Num/Nyx/src/Nyx/Exec/Cosmological/../../../amrex/Src/Base -I/home/etittley/Num/Nyx/src/Nyx/Exec/Cosmological/../../../amrex/Src/AmrCore -I/home/etittley/Num/Nyx/src/Nyx/Exec/Cosmological/../../../amrex/Src/Amr -I/home/etittley/Num/Nyx/src/Nyx/Exec/Cosmological/../../../amrex/Src/Boundary -I/home/etittley/Num/Nyx/src/Nyx/Exec/Cosmological/../../../amrex/Src/Particle -I/home/etittley/Num/Nyx/src/Nyx/Exec/Cosmological/../../../amrex/Src/Extern/amrdata -I../../Source/Constants -I/home/etittley/Num/Nyx/src/Nyx/Exec/Cosmological/../../../amrex/Src/LinearSolvers/C_to_F_MG -I/home/etittley/Num/Nyx/src/Nyx/Exec/Cosmological/../../../amrex/Src/LinearSolvers/C_to_F_MG -I/home/etittley/Num/Nyx/src/Nyx/Exec/Cosmological/../../../amrex/Src/LinearSolvers/C_CellMG -I/home/etittley/Num/Nyx/src/Nyx/Exec/Cosmological/../../../amrex/Src/LinearSolvers/C_CellMG -I/home/etittley/Num/Nyx/src/Nyx/Exec/Cosmological/../../../amrex/Src/LinearSolvers/F_MG -I/home/etittley/Num/Nyx/src/Nyx/Exec/Cosmological/../../../amrex/Src/LinearSolvers/F_MG -I/home/etittley/Num/Nyx/src/Nyx/Exec/Cosmological/../../../amrex/Src/F_BaseLib -I/home/etittley/Num/Nyx/src/Nyx/Exec/Cosmological/../../../amrex/Src/F_BaseLib -I../../Util/VODE -I../../Util/BLAS -I/home/etittley/Num/Nyx/src/Nyx/Exec/Cosmological/../../../amrex/Tools/C_scripts -c ../../Source/NyxParticles.cpp -o tmp_build_dir/o/3d.gnu.OMP.EXE/NyxParticles.o
Compiling ParticleDerive.cpp ...
g++  -g -O3  -fopenmp -DNDEBUG -DBL_USE_OMP -DAMREX_GIT_VERSION=\"17.07-2-g3724a070adf9\" -DBL_GCC_VERSION='6.3.0' -DBL_GCC_MAJOR_VERSION=6 -DBL_GCC_MINOR_VERSION=3 -DBL_SPACEDIM=3 -DAMREX_SPACEDIM=3 -DBL_FORT_USE_UNDERSCORE -DBL_Linux -DUSE_PARTICLES -DPARTICLES -DCRSEGRNDOMP -DGRAVITY -DBL_NOLINEVALUES -DMG_USE_FBOXLIB -DBL_USE_F_BASELIB -I. -I. -I../../Source -I../../Source/Src_3d -I../../Source/HydroFortran -I../../Source/Tagging -I../../Source/Initialization -I../../Source/EOS -I../../Source/Network -I../../Source/HeatCool -I../../Source/SourceTerms -I../../Source/DerivedQuantities -I../../Source/Gravity -I/home/etittley/Num/Nyx/src/Nyx/Exec/Cosmological/../../../amrex/Src/Base -I/home/etittley/Num/Nyx/src/Nyx/Exec/Cosmological/../../../amrex/Src/AmrCore -I/home/etittley/Num/Nyx/src/Nyx/Exec/Cosmological/../../../amrex/Src/Amr -I/home/etittley/Num/Nyx/src/Nyx/Exec/Cosmological/../../../amrex/Src/Boundary -I/home/etittley/Num/Nyx/src/Nyx/Exec/Cosmological/../../../amrex/Src/Particle -I/home/etittley/Num/Nyx/src/Nyx/Exec/Cosmological/../../../amrex/Src/Extern/amrdata -I/home/etittley/Num/Nyx/src/Nyx/Exec/Cosmological/../../../amrex/Src/Base -I/home/etittley/Num/Nyx/src/Nyx/Exec/Cosmological/../../../amrex/Src/AmrCore -I/home/etittley/Num/Nyx/src/Nyx/Exec/Cosmological/../../../amrex/Src/Amr -I/home/etittley/Num/Nyx/src/Nyx/Exec/Cosmological/../../../amrex/Src/Boundary -I/home/etittley/Num/Nyx/src/Nyx/Exec/Cosmological/../../../amrex/Src/Particle -I/home/etittley/Num/Nyx/src/Nyx/Exec/Cosmological/../../../amrex/Src/Extern/amrdata -I../../Source/Constants -I/home/etittley/Num/Nyx/src/Nyx/Exec/Cosmological/../../../amrex/Src/LinearSolvers/C_to_F_MG -I/home/etittley/Num/Nyx/src/Nyx/Exec/Cosmological/../../../amrex/Src/LinearSolvers/C_to_F_MG -I/home/etittley/Num/Nyx/src/Nyx/Exec/Cosmological/../../../amrex/Src/LinearSolvers/C_CellMG -I/home/etittley/Num/Nyx/src/Nyx/Exec/Cosmological/../../../amrex/Src/LinearSolvers/C_CellMG -I/home/etittley/Num/Nyx/src/Nyx/Exec/Cosmological/../../../amrex/Src/LinearSolvers/F_MG -I/home/etittley/Num/Nyx/src/Nyx/Exec/Cosmological/../../../amrex/Src/LinearSolvers/F_MG -I/home/etittley/Num/Nyx/src/Nyx/Exec/Cosmological/../../../amrex/Src/F_BaseLib -I/home/etittley/Num/Nyx/src/Nyx/Exec/Cosmological/../../../amrex/Src/F_BaseLib -I../../Util/VODE -I../../Util/BLAS -I/home/etittley/Num/Nyx/src/Nyx/Exec/Cosmological/../../../amrex/Tools/C_scripts -c ../../Source/DerivedQuantities/ParticleDerive.cpp -o tmp_build_dir/o/3d.gnu.OMP.EXE/ParticleDerive.o
Compiling NeutrinoParticleContainer.cpp ...
g++  -g -O3  -fopenmp -DNDEBUG -DBL_USE_OMP -DAMREX_GIT_VERSION=\"17.07-2-g3724a070adf9\" -DBL_GCC_VERSION='6.3.0' -DBL_GCC_MAJOR_VERSION=6 -DBL_GCC_MINOR_VERSION=3 -DBL_SPACEDIM=3 -DAMREX_SPACEDIM=3 -DBL_FORT_USE_UNDERSCORE -DBL_Linux -DUSE_PARTICLES -DPARTICLES -DCRSEGRNDOMP -DGRAVITY -DBL_NOLINEVALUES -DMG_USE_FBOXLIB -DBL_USE_F_BASELIB -I. -I. -I../../Source -I../../Source/Src_3d -I../../Source/HydroFortran -I../../Source/Tagging -I../../Source/Initialization -I../../Source/EOS -I../../Source/Network -I../../Source/HeatCool -I../../Source/SourceTerms -I../../Source/DerivedQuantities -I../../Source/Gravity -I/home/etittley/Num/Nyx/src/Nyx/Exec/Cosmological/../../../amrex/Src/Base -I/home/etittley/Num/Nyx/src/Nyx/Exec/Cosmological/../../../amrex/Src/AmrCore -I/home/etittley/Num/Nyx/src/Nyx/Exec/Cosmological/../../../amrex/Src/Amr -I/home/etittley/Num/Nyx/src/Nyx/Exec/Cosmological/../../../amrex/Src/Boundary -I/home/etittley/Num/Nyx/src/Nyx/Exec/Cosmological/../../../amrex/Src/Particle -I/home/etittley/Num/Nyx/src/Nyx/Exec/Cosmological/../../../amrex/Src/Extern/amrdata -I/home/etittley/Num/Nyx/src/Nyx/Exec/Cosmological/../../../amrex/Src/Base -I/home/etittley/Num/Nyx/src/Nyx/Exec/Cosmological/../../../amrex/Src/AmrCore -I/home/etittley/Num/Nyx/src/Nyx/Exec/Cosmological/../../../amrex/Src/Amr -I/home/etittley/Num/Nyx/src/Nyx/Exec/Cosmological/../../../amrex/Src/Boundary -I/home/etittley/Num/Nyx/src/Nyx/Exec/Cosmological/../../../amrex/Src/Particle -I/home/etittley/Num/Nyx/src/Nyx/Exec/Cosmological/../../../amrex/Src/Extern/amrdata -I../../Source/Constants -I/home/etittley/Num/Nyx/src/Nyx/Exec/Cosmological/../../../amrex/Src/LinearSolvers/C_to_F_MG -I/home/etittley/Num/Nyx/src/Nyx/Exec/Cosmological/../../../amrex/Src/LinearSolvers/C_to_F_MG -I/home/etittley/Num/Nyx/src/Nyx/Exec/Cosmological/../../../amrex/Src/LinearSolvers/C_CellMG -I/home/etittley/Num/Nyx/src/Nyx/Exec/Cosmological/../../../amrex/Src/LinearSolvers/C_CellMG -I/home/etittley/Num/Nyx/src/Nyx/Exec/Cosmological/../../../amrex/Src/LinearSolvers/F_MG -I/home/etittley/Num/Nyx/src/Nyx/Exec/Cosmological/../../../amrex/Src/LinearSolvers/F_MG -I/home/etittley/Num/Nyx/src/Nyx/Exec/Cosmological/../../../amrex/Src/F_BaseLib -I/home/etittley/Num/Nyx/src/Nyx/Exec/Cosmological/../../../amrex/Src/F_BaseLib -I../../Util/VODE -I../../Util/BLAS -I/home/etittley/Num/Nyx/src/Nyx/Exec/Cosmological/../../../amrex/Tools/C_scripts -c ../../Source/NeutrinoParticleContainer.cpp -o tmp_build_dir/o/3d.gnu.OMP.EXE/NeutrinoParticleContainer.o
Compiling DarkMatterParticleContainer.cpp ...
g++  -g -O3  -fopenmp -DNDEBUG -DBL_USE_OMP -DAMREX_GIT_VERSION=\"17.07-2-g3724a070adf9\" -DBL_GCC_VERSION='6.3.0' -DBL_GCC_MAJOR_VERSION=6 -DBL_GCC_MINOR_VERSION=3 -DBL_SPACEDIM=3 -DAMREX_SPACEDIM=3 -DBL_FORT_USE_UNDERSCORE -DBL_Linux -DUSE_PARTICLES -DPARTICLES -DCRSEGRNDOMP -DGRAVITY -DBL_NOLINEVALUES -DMG_USE_FBOXLIB -DBL_USE_F_BASELIB -I. -I. -I../../Source -I../../Source/Src_3d -I../../Source/HydroFortran -I../../Source/Tagging -I../../Source/Initialization -I../../Source/EOS -I../../Source/Network -I../../Source/HeatCool -I../../Source/SourceTerms -I../../Source/DerivedQuantities -I../../Source/Gravity -I/home/etittley/Num/Nyx/src/Nyx/Exec/Cosmological/../../../amrex/Src/Base -I/home/etittley/Num/Nyx/src/Nyx/Exec/Cosmological/../../../amrex/Src/AmrCore -I/home/etittley/Num/Nyx/src/Nyx/Exec/Cosmological/../../../amrex/Src/Amr -I/home/etittley/Num/Nyx/src/Nyx/Exec/Cosmological/../../../amrex/Src/Boundary -I/home/etittley/Num/Nyx/src/Nyx/Exec/Cosmological/../../../amrex/Src/Particle -I/home/etittley/Num/Nyx/src/Nyx/Exec/Cosmological/../../../amrex/Src/Extern/amrdata -I/home/etittley/Num/Nyx/src/Nyx/Exec/Cosmological/../../../amrex/Src/Base -I/home/etittley/Num/Nyx/src/Nyx/Exec/Cosmological/../../../amrex/Src/AmrCore -I/home/etittley/Num/Nyx/src/Nyx/Exec/Cosmological/../../../amrex/Src/Amr -I/home/etittley/Num/Nyx/src/Nyx/Exec/Cosmological/../../../amrex/Src/Boundary -I/home/etittley/Num/Nyx/src/Nyx/Exec/Cosmological/../../../amrex/Src/Particle -I/home/etittley/Num/Nyx/src/Nyx/Exec/Cosmological/../../../amrex/Src/Extern/amrdata -I../../Source/Constants -I/home/etittley/Num/Nyx/src/Nyx/Exec/Cosmological/../../../amrex/Src/LinearSolvers/C_to_F_MG -I/home/etittley/Num/Nyx/src/Nyx/Exec/Cosmological/../../../amrex/Src/LinearSolvers/C_to_F_MG -I/home/etittley/Num/Nyx/src/Nyx/Exec/Cosmological/../../../amrex/Src/LinearSolvers/C_CellMG -I/home/etittley/Num/Nyx/src/Nyx/Exec/Cosmological/../../../amrex/Src/LinearSolvers/C_CellMG -I/home/etittley/Num/Nyx/src/Nyx/Exec/Cosmological/../../../amrex/Src/LinearSolvers/F_MG -I/home/etittley/Num/Nyx/src/Nyx/Exec/Cosmological/../../../amrex/Src/LinearSolvers/F_MG -I/home/etittley/Num/Nyx/src/Nyx/Exec/Cosmological/../../../amrex/Src/F_BaseLib -I/home/etittley/Num/Nyx/src/Nyx/Exec/Cosmological/../../../amrex/Src/F_BaseLib -I../../Util/VODE -I../../Util/BLAS -I/home/etittley/Num/Nyx/src/Nyx/Exec/Cosmological/../../../amrex/Tools/C_scripts -c ../../Source/DarkMatterParticleContainer.cpp -o tmp_build_dir/o/3d.gnu.OMP.EXE/DarkMatterParticleContainer.o
../../Source/NyxParticles.cpp: In member function virtual void Nyx::init_particles():
../../Source/NyxParticles.cpp:400:59: error: no matching function for call to DarkMatterParticleContainer::InitRandom(long int&, int&, amrex::Real&, bool&)
                              particle_initrandom_serialize);
                                                           ^
In file included from /home/etittley/Num/Nyx/src/Nyx/Exec/Cosmological/../../../amrex/Src/Particle/AMReX_Particles.H:945:0,
                 from /home/etittley/Num/Nyx/src/Nyx/Exec/Cosmological/../../../amrex/Src/AmrCore/AMReX_AmrParticles.H:4,
                 from ../../Source/NyxParticleContainer.H:7,
                 from ../../Source/Nyx.H:10,
                 from ../../Source/NyxParticles.cpp:2:
/home/etittley/Num/Nyx/src/Nyx/Exec/Cosmological/../../../amrex/Src/Particle/AMReX_ParticleInit.H:769:1: note: candidate: void amrex::ParticleContainer<NStructReal, NStructInt, NArrayReal, NArrayInt>::InitRandom(long int, long unsigned int, const ParticleInitData&, bool, amrex::RealBox) [with int NStructReal = 4; int NStructInt = 0; int NArrayReal = 0; int NArrayInt = 0; amrex::ParticleContainer<NStructReal, NStructInt, NArrayReal, NArrayInt>::ParticleInitData = amrex::ParticleInitType<4, 0, 0, 0>]
 ParticleContainer<NStructReal, NStructInt, NArrayReal, NArrayInt>::
 ^~~~~~~~~~~~~~~~~~~~~~~~~~~~~~~~~~~~~~~~~~~~~~~~~~~~~~~~~~~~~~~~~
/home/etittley/Num/Nyx/src/Nyx/Exec/Cosmological/../../../amrex/Src/Particle/AMReX_ParticleInit.H:769:1: note:   no known conversion for argument 3 from amrex::Real {aka double} to const ParticleInitData& {aka const amrex::ParticleInitType<4, 0, 0, 0>&}
../../Source/NyxParticles.cpp:431:47: error: no matching function for call to DarkMatterParticleContainer::InitRandomPerBox(long int&, int&, amrex::Real&, amrex::MultiFab&)
                                    particle_mf);
                                               ^
In file included from /home/etittley/Num/Nyx/src/Nyx/Exec/Cosmological/../../../amrex/Src/Particle/AMReX_Particles.H:945:0,
                 from /home/etittley/Num/Nyx/src/Nyx/Exec/Cosmological/../../../amrex/Src/AmrCore/AMReX_AmrParticles.H:4,
                 from ../../Source/NyxParticleContainer.H:7,
                 from ../../Source/Nyx.H:10,
                 from ../../Source/NyxParticles.cpp:2:
/home/etittley/Num/Nyx/src/Nyx/Exec/Cosmological/../../../amrex/Src/Particle/AMReX_ParticleInit.H:964:1: note: candidate: void amrex::ParticleContainer<NStructReal, NStructInt, NArrayReal, NArrayInt>::InitRandomPerBox(long int, long unsigned int, const ParticleInitData&) [with int NStructReal = 4; int NStructInt = 0; int NArrayReal = 0; int NArrayInt = 0; amrex::ParticleContainer<NStructReal, NStructInt, NArrayReal, NArrayInt>::ParticleInitData = amrex::ParticleInitType<4, 0, 0, 0>]
 ParticleContainer<NStructReal, NStructInt, NArrayReal, NArrayInt>
 ^~~~~~~~~~~~~~~~~~~~~~~~~~~~~~~~~~~~~~~~~~~~~~~~~~~~~~~~~~~~~~~~~
/home/etittley/Num/Nyx/src/Nyx/Exec/Cosmological/../../../amrex/Src/Particle/AMReX_ParticleInit.H:964:1: note:   candidate expects 3 arguments, 4 provided
Compiling two_particle_advance.cpp ...
g++  -g -O3  -fopenmp -DNDEBUG -DBL_USE_OMP -DAMREX_GIT_VERSION=\"17.07-2-g3724a070adf9\" -DBL_GCC_VERSION='6.3.0' -DBL_GCC_MAJOR_VERSION=6 -DBL_GCC_MINOR_VERSION=3 -DBL_SPACEDIM=3 -DAMREX_SPACEDIM=3 -DBL_FORT_USE_UNDERSCORE -DBL_Linux -DUSE_PARTICLES -DPARTICLES -DCRSEGRNDOMP -DGRAVITY -DBL_NOLINEVALUES -DMG_USE_FBOXLIB -DBL_USE_F_BASELIB -I. -I. -I../../Source -I../../Source/Src_3d -I../../Source/HydroFortran -I../../Source/Tagging -I../../Source/Initialization -I../../Source/EOS -I../../Source/Network -I../../Source/HeatCool -I../../Source/SourceTerms -I../../Source/DerivedQuantities -I../../Source/Gravity -I/home/etittley/Num/Nyx/src/Nyx/Exec/Cosmological/../../../amrex/Src/Base -I/home/etittley/Num/Nyx/src/Nyx/Exec/Cosmological/../../../amrex/Src/AmrCore -I/home/etittley/Num/Nyx/src/Nyx/Exec/Cosmological/../../../amrex/Src/Amr -I/home/etittley/Num/Nyx/src/Nyx/Exec/Cosmological/../../../amrex/Src/Boundary -I/home/etittley/Num/Nyx/src/Nyx/Exec/Cosmological/../../../amrex/Src/Particle -I/home/etittley/Num/Nyx/src/Nyx/Exec/Cosmological/../../../amrex/Src/Extern/amrdata -I/home/etittley/Num/Nyx/src/Nyx/Exec/Cosmological/../../../amrex/Src/Base -I/home/etittley/Num/Nyx/src/Nyx/Exec/Cosmological/../../../amrex/Src/AmrCore -I/home/etittley/Num/Nyx/src/Nyx/Exec/Cosmological/../../../amrex/Src/Amr -I/home/etittley/Num/Nyx/src/Nyx/Exec/Cosmological/../../../amrex/Src/Boundary -I/home/etittley/Num/Nyx/src/Nyx/Exec/Cosmological/../../../amrex/Src/Particle -I/home/etittley/Num/Nyx/src/Nyx/Exec/Cosmological/../../../amrex/Src/Extern/amrdata -I../../Source/Constants -I/home/etittley/Num/Nyx/src/Nyx/Exec/Cosmological/../../../amrex/Src/LinearSolvers/C_to_F_MG -I/home/etittley/Num/Nyx/src/Nyx/Exec/Cosmological/../../../amrex/Src/LinearSolvers/C_to_F_MG -I/home/etittley/Num/Nyx/src/Nyx/Exec/Cosmological/../../../amrex/Src/LinearSolvers/C_CellMG -I/home/etittley/Num/Nyx/src/Nyx/Exec/Cosmological/../../../amrex/Src/LinearSolvers/C_CellMG -I/home/etittley/Num/Nyx/src/Nyx/Exec/Cosmological/../../../amrex/Src/LinearSolvers/F_MG -I/home/etittley/Num/Nyx/src/Nyx/Exec/Cosmological/../../../amrex/Src/LinearSolvers/F_MG -I/home/etittley/Num/Nyx/src/Nyx/Exec/Cosmological/../../../amrex/Src/F_BaseLib -I/home/etittley/Num/Nyx/src/Nyx/Exec/Cosmological/../../../amrex/Src/F_BaseLib -I../../Util/VODE -I../../Util/BLAS -I/home/etittley/Num/Nyx/src/Nyx/Exec/Cosmological/../../../amrex/Tools/C_scripts -c ../../Source/two_particle_advance.cpp -o tmp_build_dir/o/3d.gnu.OMP.EXE/two_particle_advance.o
/home/etittley/Num/Nyx/src/Nyx/Exec/Cosmological/../../../amrex/Tools/GNUMake/Make.rules:117: recipe for target 'tmp_build_dir/o/3d.gnu.OMP.EXE/NyxParticles.o' failed
make: *** [tmp_build_dir/o/3d.gnu.OMP.EXE/NyxParticles.o] Error 1
make: *** Waiting for unfinished jobs....
